<?xml version="1.0" encoding="UTF-8"?>
<!-- Generated by org.testng.reporters.JUnitReportReporter -->
<testsuite hostname="Dhivya" failures="0" tests="1" name="testpackage.TestClass" time="0.024" errors="0" timestamp="2025-01-22T00:48:48 EST" skipped="0">
  <testcase classname="testpackage.TestClass" name="test1" time="0.024"/>
</testsuite> <!-- testpackage.TestClass -->
