<?xml version="1.0" encoding="UTF-8"?>
<!-- Generated by org.testng.reporters.JUnitReportReporter -->
<testsuite hostname="Dhivya" failures="0" tests="1" name="testpackage.Class2" time="0.017" errors="0" timestamp="2025-01-22T00:48:00 EST" skipped="0">
  <testcase classname="testpackage.Class2" name="searchproduct" time="0.017"/>
</testsuite> <!-- testpackage.Class2 -->
